<?xml version="1.0" encoding="UTF-8"?>
<!-- Generated by org.testng.reporters.JUnitReportReporter -->
<testsuite hostname="AKASH" failures="0" tests="4" name="assignment1.Homepage_Test" time="8.901" errors="0" timestamp="2021-09-22T22:45:25 IST" skipped="0">
  <testcase classname="assignment1.Homepage_Test" name="loginTest" time="8.244"/>
  <system-out/>
  <testcase classname="assignment1.Homepage_Test" name="homepageLogoTest" time="0.108"/>
  <system-out/>
  <testcase classname="assignment1.Homepage_Test" name="logoLinkRedirectTest" time="0.070"/>
  <system-out/>
  <testcase classname="assignment1.Homepage_Test" name="editCustomerLinkVerify" time="0.479"/>
  <system-out/>
</testsuite> <!-- assignment1.Homepage_Test -->
